TN:
SF:lib/components/clue_check_list_tile.dart
FNF:0
FNH:0
DA:9,1
DA:27,1
DA:28,1
DA:34,1
DA:36,1
DA:37,3
DA:40,1
DA:42,1
DA:43,1
DA:44,1
DA:45,2
DA:46,2
DA:48,4
DA:50,1
DA:52,1
DA:54,1
DA:55,5
DA:57,3
LF:18
LH:18
end_of_record
TN:
SF:lib/components/clue_circle_counter.dart
FNF:0
FNH:0
DA:6,1
DA:15,1
DA:17,1
DA:20,1
DA:21,1
DA:22,1
DA:23,1
DA:24,2
DA:25,2
LF:9
LH:9
end_of_record
TN:
SF:lib/components/clue_circle_icon_button.dart
FNF:0
FNH:0
DA:5,1
DA:14,1
DA:16,1
DA:19,1
DA:20,1
DA:24,1
LF:6
LH:6
end_of_record
TN:
SF:lib/components/clue_circle_text_field.dart
FNF:0
FNH:0
DA:7,2
DA:38,1
DA:39,1
DA:46,1
DA:48,1
DA:49,3
DA:50,3
DA:53,1
DA:55,1
DA:56,2
DA:57,3
DA:58,1
DA:59,1
DA:60,1
DA:62,2
DA:65,1
DA:66,1
DA:69,1
DA:70,1
DA:71,1
DA:73,2
DA:78,1
DA:81,1
DA:82,1
DA:83,2
DA:84,2
DA:85,1
DA:86,2
DA:87,1
DA:90,2
DA:91,3
DA:94,2
DA:95,1
DA:96,2
DA:97,2
DA:99,1
DA:100,2
DA:101,2
DA:104,3
DA:105,1
DA:107,1
DA:108,1
DA:109,5
DA:110,1
DA:116,3
DA:117,1
DA:118,1
DA:119,2
DA:120,2
DA:123,1
DA:126,1
DA:127,2
DA:128,2
DA:129,1
DA:132,3
DA:133,1
DA:135,1
DA:136,5
DA:137,1
DA:138,2
DA:139,3
DA:140,2
DA:145,1
DA:146,3
DA:147,1
DA:149,1
DA:150,2
DA:151,3
DA:152,2
LF:69
LH:69
end_of_record
TN:
SF:lib/components/clue_circular_loading.dart
FNF:0
FNH:0
DA:5,3
DA:12,1
DA:23,3
DA:25,3
DA:26,3
DA:27,3
DA:28,3
DA:30,3
LF:8
LH:8
end_of_record
TN:
SF:lib/components/clue_data_not_found_text.dart
FNF:0
FNH:0
DA:6,1
DA:7,1
DA:9,1
DA:10,1
LF:4
LH:4
end_of_record
TN:
SF:lib/components/clue_decorated_button.dart
FNF:0
FNH:0
DA:5,1
DA:14,1
DA:16,2
DA:25,2
DA:27,1
DA:36,1
DA:38,2
DA:47,2
DA:57,2
DA:59,2
DA:60,2
DA:62,2
DA:63,2
DA:64,2
DA:65,2
DA:66,2
DA:67,2
DA:68,4
DA:71,2
DA:72,2
DA:73,2
DA:75,4
DA:77,2
LF:23
LH:23
end_of_record
TN:
SF:lib/components/clue_divider.dart
FNF:0
FNH:0
DA:5,7
DA:10,1
DA:17,4
DA:19,8
LF:4
LH:4
end_of_record
TN:
SF:lib/components/clue_error_text.dart
FNF:0
FNH:0
DA:7,1
DA:16,1
DA:18,1
DA:20,1
DA:21,1
DA:22,1
DA:24,1
DA:27,1
DA:28,1
DA:29,1
DA:30,1
DA:32,1
DA:34,1
LF:13
LH:13
end_of_record
TN:
SF:lib/components/clue_infinite_list_view.dart
FNF:0
FNH:0
DA:6,1
DA:40,1
DA:42,1
DA:43,1
DA:45,1
DA:48,1
DA:49,1
DA:50,2
DA:51,1
DA:52,2
DA:53,1
DA:57,2
DA:58,1
DA:60,1
DA:61,1
DA:62,1
DA:66,2
DA:67,1
DA:69,1
DA:76,1
DA:77,2
DA:84,1
DA:85,1
DA:87,3
DA:88,3
LF:25
LH:25
end_of_record
TN:
SF:lib/components/clue_infinite_wrap.dart
FNF:0
FNH:0
DA:6,1
DA:46,1
DA:48,1
DA:49,1
DA:51,4
DA:52,8
DA:53,1
DA:56,1
DA:57,2
DA:58,2
DA:59,1
DA:60,2
DA:61,1
DA:65,4
DA:66,1
DA:67,1
DA:70,1
DA:71,1
DA:76,2
DA:86,1
DA:87,2
DA:94,1
DA:95,1
DA:97,4
DA:98,2
DA:99,1
DA:100,1
DA:102,1
DA:103,2
DA:104,1
DA:106,1
DA:107,2
DA:108,2
DA:110,4
DA:111,1
DA:112,1
DA:113,1
DA:114,2
DA:115,4
DA:118,1
DA:119,1
DA:120,1
DA:121,1
DA:129,1
LF:44
LH:44
end_of_record
TN:
SF:lib/components/clue_list_tile.dart
FNF:0
FNH:0
DA:4,1
DA:27,1
DA:29,1
DA:30,1
DA:31,1
DA:32,1
DA:33,1
DA:34,1
DA:35,1
DA:36,1
DA:37,1
DA:38,2
DA:39,1
DA:42,1
DA:43,2
DA:44,1
DA:45,1
LF:17
LH:17
end_of_record
TN:
SF:lib/components/clue_popup_menu_button.dart
FNF:0
FNH:0
DA:22,1
DA:29,1
DA:38,1
DA:39,1
DA:47,1
DA:49,1
DA:50,1
DA:51,1
DA:52,1
DA:53,1
DA:54,1
DA:55,1
DA:56,3
DA:57,1
DA:60,1
DA:64,3
DA:67,1
DA:68,1
DA:69,0
DA:70,0
DA:73,1
DA:74,1
DA:75,3
DA:76,3
DA:77,1
DA:78,3
DA:79,1
DA:81,1
DA:92,1
DA:93,2
DA:96,1
DA:97,1
DA:98,1
DA:99,2
DA:100,1
DA:101,1
DA:104,1
DA:106,3
DA:107,1
DA:108,3
DA:109,1
DA:111,1
DA:119,1
DA:120,1
DA:121,1
DA:122,2
DA:123,3
DA:125,1
DA:127,1
LF:49
LH:47
end_of_record
TN:
SF:lib/components/clue_schedule_calendar.dart
FNF:0
FNH:0
DA:11,2
DA:45,1
DA:71,1
DA:73,1
DA:74,1
DA:99,1
DA:101,3
DA:102,2
DA:103,7
DA:105,1
DA:108,3
DA:109,4
DA:110,1
DA:112,2
DA:114,2
DA:115,1
DA:116,4
DA:117,3
DA:121,3
DA:122,3
DA:124,1
DA:127,1
DA:129,2
DA:130,1
DA:133,1
DA:134,4
DA:135,6
DA:138,1
DA:140,1
DA:141,1
DA:142,2
DA:143,1
DA:145,1
DA:147,1
DA:156,1
DA:157,1
DA:158,1
DA:161,1
DA:162,1
DA:163,2
DA:165,1
DA:166,1
DA:167,2
DA:168,7
DA:170,1
DA:172,5
DA:174,1
DA:175,2
DA:176,1
DA:180,1
DA:181,1
DA:182,2
DA:183,3
DA:185,1
DA:187,3
DA:188,5
DA:190,3
DA:193,1
DA:195,1
DA:196,1
DA:197,3
DA:199,2
DA:202,1
DA:203,1
DA:204,5
DA:205,2
DA:206,3
DA:208,1
DA:210,3
DA:211,5
DA:214,2
DA:217,1
DA:218,1
DA:219,2
DA:220,3
DA:223,2
DA:226,2
DA:230,1
DA:231,1
DA:232,1
DA:233,1
DA:234,1
DA:235,1
DA:244,1
DA:246,1
DA:250,1
DA:253,1
DA:254,1
DA:255,1
DA:256,0
DA:257,0
DA:258,0
DA:260,3
DA:262,1
DA:263,1
DA:264,0
DA:265,0
DA:266,0
DA:268,1
DA:272,3
DA:288,1
DA:289,1
DA:290,1
DA:291,1
DA:292,2
DA:293,1
DA:295,1
DA:297,1
DA:299,1
DA:300,2
DA:301,1
DA:308,1
DA:309,1
DA:310,2
DA:311,2
DA:313,1
DA:315,1
DA:317,1
DA:318,3
DA:320,0
DA:321,0
DA:322,0
DA:323,0
DA:325,1
DA:326,1
DA:328,1
DA:329,4
DA:330,2
DA:331,2
DA:333,3
DA:335,1
DA:336,1
DA:338,4
DA:339,2
DA:340,6
DA:342,5
DA:343,0
DA:344,0
DA:346,7
DA:347,0
DA:348,0
DA:349,0
DA:352,1
DA:353,3
DA:354,0
DA:356,7
DA:359,1
DA:360,2
DA:361,3
DA:362,0
DA:364,7
DA:366,1
DA:367,1
DA:369,1
DA:370,1
DA:373,1
DA:374,1
DA:375,3
DA:376,1
DA:377,1
DA:379,9
DA:380,1
DA:381,2
DA:382,1
DA:388,0
DA:389,0
DA:397,1
DA:400,2
DA:401,1
DA:402,1
DA:404,5
DA:407,1
DA:410,2
DA:411,2
DA:412,2
DA:414,5
DA:428,1
DA:438,1
DA:440,1
DA:441,1
DA:445,1
DA:447,1
DA:448,0
DA:449,0
DA:450,0
DA:453,1
DA:454,2
DA:459,1
DA:460,1
DA:461,2
DA:463,1
DA:464,1
DA:469,1
DA:470,1
DA:471,1
DA:472,3
DA:474,1
DA:475,4
DA:476,1
DA:477,4
DA:481,1
DA:484,1
DA:485,4
DA:486,1
DA:487,4
DA:495,1
DA:496,1
DA:497,1
DA:500,1
DA:501,3
DA:502,4
DA:509,1
DA:510,2
DA:513,1
DA:515,2
DA:521,4
DA:522,1
DA:523,3
DA:525,5
DA:528,1
DA:529,3
DA:531,2
LF:222
LH:200
end_of_record
TN:
SF:lib/components/clue_shimmer_loading.dart
FNF:0
FNH:0
DA:6,1
DA:7,0
DA:9,1
DA:11,1
DA:12,1
DA:13,1
DA:14,1
DA:15,1
DA:16,1
DA:21,1
DA:22,1
DA:23,1
DA:25,1
DA:26,1
DA:27,1
DA:28,1
DA:32,1
DA:33,1
DA:34,1
LF:19
LH:18
end_of_record
TN:
SF:lib/components/clue_side_bar_component.dart
FNF:0
FNH:0
DA:10,1
DA:21,1
DA:33,1
DA:34,1
DA:41,1
DA:43,1
DA:45,1
DA:46,1
DA:47,1
DA:48,1
DA:51,0
DA:52,0
DA:53,0
DA:56,1
DA:58,1
DA:59,1
DA:60,3
DA:61,1
DA:62,1
DA:63,1
DA:66,1
DA:67,2
DA:68,1
DA:69,2
DA:70,2
DA:77,1
DA:80,1
DA:81,1
DA:82,1
DA:83,1
DA:86,1
DA:87,1
DA:88,2
DA:93,1
DA:94,2
DA:95,2
DA:100,2
DA:101,1
DA:102,1
DA:103,2
DA:106,1
DA:107,4
DA:108,1
DA:109,1
DA:110,1
DA:113,1
DA:114,1
DA:115,1
DA:119,1
DA:121,1
DA:122,1
DA:123,1
DA:127,1
DA:128,1
DA:129,1
DA:130,1
DA:131,2
DA:132,2
DA:133,1
DA:136,1
DA:139,1
DA:140,1
DA:141,1
DA:143,1
DA:145,5
DA:153,1
DA:154,1
DA:156,2
DA:166,1
DA:175,1
DA:177,1
DA:180,1
DA:181,1
DA:182,1
DA:183,1
DA:184,1
DA:185,2
DA:191,1
DA:192,1
DA:193,2
DA:202,1
DA:217,1
DA:219,1
DA:220,1
DA:221,1
DA:222,1
DA:223,1
DA:226,1
DA:227,1
DA:228,1
DA:230,1
DA:231,1
DA:232,3
LF:93
LH:90
end_of_record
TN:
SF:lib/components/clue_side_page.dart
FNF:0
FNH:0
DA:8,1
DA:33,1
DA:35,1
DA:37,1
DA:38,1
DA:39,2
DA:40,1
DA:43,1
DA:44,1
DA:45,2
DA:46,1
DA:48,1
DA:49,1
DA:50,1
DA:51,1
DA:56,1
DA:57,1
DA:59,1
DA:60,1
DA:61,1
DA:63,1
DA:65,1
DA:73,2
DA:77,1
DA:78,1
DA:80,2
DA:81,2
DA:84,1
DA:88,1
DA:89,1
DA:90,1
DA:92,1
DA:94,1
LF:33
LH:33
end_of_record
TN:
SF:lib/components/clue_square_text_field.dart
FNF:0
FNH:0
DA:7,1
DA:25,1
DA:44,1
DA:45,1
DA:52,1
DA:54,1
DA:55,3
DA:56,3
DA:59,1
DA:61,1
DA:62,2
DA:63,3
DA:64,1
DA:65,1
DA:66,1
DA:68,2
DA:71,1
DA:72,1
DA:75,1
DA:76,1
DA:77,1
DA:79,2
DA:84,1
DA:85,2
DA:86,1
DA:89,1
DA:90,1
DA:91,2
DA:92,2
DA:93,2
DA:94,2
DA:95,1
DA:96,2
DA:97,1
DA:100,2
DA:101,0
DA:104,2
DA:105,1
DA:106,2
DA:107,2
DA:109,1
DA:110,2
DA:111,2
DA:114,3
DA:115,1
DA:117,1
DA:118,1
DA:119,5
DA:120,1
DA:126,3
DA:127,0
DA:128,0
DA:129,0
DA:130,0
DA:136,1
DA:138,2
DA:139,1
DA:140,2
DA:143,3
DA:144,1
DA:146,1
DA:147,5
DA:148,1
DA:149,2
DA:150,3
DA:151,2
DA:156,1
DA:157,3
DA:158,1
DA:160,1
DA:161,2
DA:162,3
DA:163,2
LF:73
LH:68
end_of_record
TN:
SF:lib/components/clue_text.dart
FNF:0
FNH:0
DA:7,5
DA:15,4
DA:26,4
DA:28,4
DA:29,12
DA:30,4
DA:31,4
DA:32,4
DA:33,4
DA:34,5
DA:35,1
DA:38,2
DA:41,9
DA:42,3
DA:43,1
DA:44,1
DA:45,3
DA:46,1
DA:47,1
DA:48,1
DA:51,3
DA:53,1
DA:56,1
DA:83,1
LF:24
LH:24
end_of_record
TN:
SF:lib/extensions/date_time_extension.dart
FNF:0
FNH:0
DA:5,1
DA:6,1
DA:7,6
DA:10,3
DA:11,3
DA:12,3
DA:13,3
DA:15,1
DA:25,1
DA:26,0
DA:27,0
DA:28,1
DA:29,1
DA:30,1
DA:31,1
DA:32,1
DA:33,1
DA:37,1
DA:38,6
DA:41,1
DA:42,3
DA:45,2
DA:46,8
DA:49,2
DA:50,8
DA:57,3
DA:58,6
DA:61,1
DA:62,2
DA:65,2
DA:66,4
DA:67,2
DA:70,2
DA:71,4
DA:75,2
DA:76,4
DA:77,4
DA:78,2
DA:81,2
DA:82,4
DA:83,4
DA:84,2
LF:42
LH:40
end_of_record
TN:
SF:lib/extensions/style_extension.dart
FNF:0
FNH:0
DA:6,2
DA:7,10
DA:8,6
DA:12,6
DA:13,2
DA:14,2
DA:15,6
DA:16,6
DA:17,2
DA:18,2
DA:19,2
DA:20,2
DA:21,2
DA:22,2
DA:23,4
DA:24,2
DA:25,2
DA:26,2
DA:27,2
DA:28,2
DA:29,2
DA:30,2
DA:31,2
DA:35,2
DA:36,2
DA:37,2
DA:41,4
DA:42,4
DA:43,2
DA:47,2
LF:30
LH:30
end_of_record
TN:
SF:lib/overlay/clue_overlay.dart
FNF:0
FNH:0
DA:14,1
DA:15,1
DA:16,3
DA:20,1
DA:21,1
DA:22,3
DA:26,1
DA:27,2
DA:31,1
DA:32,2
DA:37,1
DA:38,1
DA:39,1
DA:42,1
DA:43,1
DA:51,1
DA:52,1
DA:53,2
DA:54,1
DA:55,1
DA:60,1
DA:78,1
DA:80,1
DA:81,1
DA:83,1
DA:84,1
DA:89,1
DA:90,2
DA:91,1
DA:94,1
DA:95,1
DA:100,1
DA:106,1
DA:108,1
DA:112,1
DA:113,1
DA:114,2
DA:116,1
DA:122,1
DA:123,1
DA:124,1
DA:125,0
DA:127,3
DA:130,1
DA:143,1
DA:146,1
DA:150,1
DA:171,1
DA:173,1
DA:174,1
DA:176,0
DA:177,1
DA:182,1
DA:183,1
DA:184,1
DA:186,5
DA:191,1
DA:197,1
DA:199,1
DA:202,1
DA:203,1
DA:204,2
DA:206,1
DA:212,1
DA:213,1
DA:214,1
DA:215,0
DA:216,2
DA:217,0
DA:219,3
DA:222,1
DA:235,1
DA:238,3
DA:242,1
DA:264,1
DA:266,1
DA:267,1
DA:269,1
DA:270,1
DA:275,1
DA:276,1
DA:277,1
DA:279,5
DA:284,1
DA:290,1
DA:292,1
DA:295,1
DA:296,1
DA:297,2
DA:299,1
DA:305,1
DA:306,1
DA:307,1
DA:309,1
DA:310,0
DA:311,5
DA:312,0
DA:313,2
DA:314,0
DA:315,0
DA:317,3
DA:320,1
DA:333,1
DA:336,2
DA:339,2
DA:345,1
DA:351,1
DA:358,1
DA:360,1
DA:366,1
DA:369,1
DA:371,1
DA:374,1
DA:376,1
DA:377,1
DA:381,1
DA:383,1
DA:384,1
DA:385,1
DA:386,2
DA:392,1
DA:393,1
DA:394,1
DA:395,1
DA:396,2
DA:401,2
DA:402,1
DA:406,1
DA:407,2
DA:408,1
DA:409,1
DA:410,1
DA:411,1
DA:414,1
DA:415,1
DA:417,2
DA:430,1
DA:440,1
DA:451,1
DA:453,1
DA:459,1
DA:462,1
DA:464,1
DA:467,1
DA:469,1
DA:470,1
DA:473,1
DA:475,1
DA:476,1
DA:477,1
DA:478,2
DA:484,1
DA:485,1
DA:486,1
DA:487,1
DA:488,2
DA:493,1
DA:496,1
DA:498,1
DA:499,1
DA:500,1
DA:501,1
DA:502,1
DA:505,1
DA:506,1
DA:507,1
DA:510,2
DA:513,1
DA:514,1
DA:515,1
DA:516,1
DA:519,1
DA:520,1
DA:521,1
DA:522,2
DA:523,1
DA:524,1
DA:527,1
DA:531,2
LF:179
LH:171
end_of_record
TN:
SF:lib/overlay/clue_overlay_entry.dart
FNF:0
FNH:0
DA:5,3
DA:6,3
DA:9,3
DA:11,1
DA:14,1
DA:15,1
DA:18,1
DA:20,1
DA:21,2
DA:22,1
DA:23,1
DA:25,1
DA:27,1
DA:28,2
DA:40,4
DA:43,1
DA:44,3
DA:46,0
DA:47,0
DA:52,1
DA:53,1
DA:54,1
DA:55,1
DA:59,1
DA:60,4
DA:61,2
DA:64,3
DA:68,1
DA:69,2
DA:73,4
DA:74,1
DA:81,1
DA:86,1
DA:92,1
DA:94,1
DA:95,1
DA:96,1
DA:98,1
DA:100,1
DA:102,1
DA:104,1
DA:112,2
DA:116,1
DA:118,1
DA:120,1
DA:121,1
DA:123,1
DA:124,1
DA:127,1
DA:129,1
DA:130,1
DA:140,2
DA:145,1
DA:147,1
DA:149,1
DA:150,1
DA:152,1
DA:153,1
DA:156,1
DA:158,1
DA:159,1
LF:61
LH:59
end_of_record
