TN:
SF:lib/components/clue_check_list_tile.dart
FNF:0
FNH:0
DA:10,1
DA:28,1
DA:29,1
DA:35,1
DA:37,1
DA:38,3
DA:41,1
DA:43,1
DA:44,1
DA:45,1
DA:46,2
DA:47,2
DA:49,4
DA:51,1
DA:53,1
DA:55,1
DA:56,5
DA:58,3
LF:18
LH:18
end_of_record
TN:
SF:lib/components/clue_circle_counter.dart
FNF:0
FNH:0
DA:6,1
DA:15,1
DA:17,1
DA:20,1
DA:21,1
DA:22,1
DA:23,1
DA:24,2
DA:25,2
LF:9
LH:9
end_of_record
TN:
SF:lib/components/clue_circle_icon_button.dart
FNF:0
FNH:0
DA:5,1
DA:14,1
DA:16,1
DA:19,1
DA:20,1
DA:24,1
LF:6
LH:6
end_of_record
TN:
SF:lib/components/clue_circle_text_field.dart
FNF:0
FNH:0
DA:7,2
DA:38,1
DA:39,1
DA:46,1
DA:48,1
DA:49,3
DA:50,3
DA:53,1
DA:55,1
DA:56,2
DA:57,3
DA:58,1
DA:59,1
DA:60,1
DA:62,2
DA:65,1
DA:66,1
DA:69,1
DA:70,1
DA:71,1
DA:73,2
DA:78,1
DA:81,1
DA:82,1
DA:83,2
DA:84,2
DA:85,1
DA:86,2
DA:87,1
DA:90,2
DA:91,3
DA:94,2
DA:95,1
DA:96,2
DA:97,2
DA:99,1
DA:100,2
DA:101,2
DA:104,3
DA:105,1
DA:107,1
DA:108,1
DA:109,5
DA:110,1
DA:116,3
DA:117,1
DA:118,1
DA:119,2
DA:120,2
DA:123,1
DA:126,1
DA:127,2
DA:128,2
DA:129,1
DA:132,3
DA:133,1
DA:135,1
DA:136,5
DA:137,1
DA:138,2
DA:139,3
DA:140,2
DA:145,1
DA:146,3
DA:147,1
DA:149,1
DA:150,2
DA:151,3
DA:152,2
LF:69
LH:69
end_of_record
TN:
SF:lib/components/clue_circular_loading.dart
FNF:0
FNH:0
DA:5,3
DA:12,1
DA:23,3
DA:25,3
DA:26,3
DA:27,3
DA:28,3
DA:30,3
LF:8
LH:8
end_of_record
TN:
SF:lib/components/clue_data_not_found_text.dart
FNF:0
FNH:0
DA:6,1
DA:7,1
DA:9,1
DA:10,1
LF:4
LH:4
end_of_record
TN:
SF:lib/components/clue_decorated_button.dart
FNF:0
FNH:0
DA:5,1
DA:14,1
DA:16,2
DA:25,2
DA:27,1
DA:36,1
DA:38,2
DA:47,2
DA:57,2
DA:59,2
DA:60,2
DA:62,2
DA:63,2
DA:64,2
DA:65,2
DA:66,2
DA:67,2
DA:68,4
DA:71,2
DA:72,2
DA:73,2
DA:75,4
DA:77,2
LF:23
LH:23
end_of_record
TN:
SF:lib/components/clue_divider.dart
FNF:0
FNH:0
DA:5,7
DA:10,1
DA:17,4
DA:19,8
LF:4
LH:4
end_of_record
TN:
SF:lib/components/clue_error_text.dart
FNF:0
FNH:0
DA:7,1
DA:16,1
DA:18,1
DA:20,1
DA:21,1
DA:22,1
DA:24,1
DA:27,1
DA:28,1
DA:29,1
DA:30,1
DA:32,1
DA:34,1
LF:13
LH:13
end_of_record
TN:
SF:lib/components/clue_infinite_list_view.dart
FNF:0
FNH:0
DA:6,1
DA:40,1
DA:42,1
DA:43,1
DA:45,1
DA:48,1
DA:49,1
DA:50,2
DA:51,1
DA:52,2
DA:53,1
DA:57,2
DA:58,1
DA:60,1
DA:61,1
DA:62,1
DA:66,2
DA:67,1
DA:69,1
DA:76,1
DA:77,2
DA:84,1
DA:85,1
DA:87,3
DA:88,3
LF:25
LH:25
end_of_record
TN:
SF:lib/components/clue_infinite_wrap.dart
FNF:0
FNH:0
DA:6,1
DA:46,1
DA:48,1
DA:49,1
DA:51,4
DA:52,8
DA:53,1
DA:56,1
DA:57,2
DA:58,2
DA:59,1
DA:60,2
DA:61,1
DA:65,4
DA:66,1
DA:67,1
DA:70,1
DA:71,1
DA:76,2
DA:86,1
DA:87,2
DA:94,1
DA:95,1
DA:97,4
DA:98,2
DA:99,1
DA:100,1
DA:102,1
DA:103,2
DA:104,1
DA:106,1
DA:107,2
DA:108,2
DA:110,4
DA:111,1
DA:112,1
DA:113,1
DA:114,2
DA:115,4
DA:118,1
DA:119,1
DA:120,1
DA:121,1
DA:129,1
LF:44
LH:44
end_of_record
TN:
SF:lib/components/clue_list_tile.dart
FNF:0
FNH:0
DA:4,1
DA:27,1
DA:29,1
DA:30,1
DA:31,1
DA:32,1
DA:33,1
DA:34,1
DA:35,1
DA:36,1
DA:37,1
DA:38,2
DA:39,1
DA:42,1
DA:43,2
DA:44,1
DA:45,1
LF:17
LH:17
end_of_record
TN:
SF:lib/components/clue_popup_menu_button.dart
FNF:0
FNH:0
DA:22,1
DA:29,1
DA:38,1
DA:39,1
DA:47,1
DA:49,1
DA:50,1
DA:51,1
DA:52,1
DA:53,1
DA:54,1
DA:55,1
DA:56,3
DA:57,1
DA:60,1
DA:64,3
DA:67,1
DA:68,1
DA:69,0
DA:70,0
DA:73,1
DA:74,1
DA:75,3
DA:76,3
DA:77,1
DA:78,3
DA:79,1
DA:81,1
DA:92,1
DA:93,2
DA:96,1
DA:97,1
DA:98,1
DA:99,2
DA:100,1
DA:101,1
DA:104,1
DA:106,3
DA:107,1
DA:108,3
DA:109,1
DA:111,1
DA:119,1
DA:120,1
DA:121,1
DA:122,2
DA:123,3
DA:125,1
DA:127,1
LF:49
LH:47
end_of_record
TN:
SF:lib/components/clue_schedule_calendar.dart
FNF:0
FNH:0
DA:12,2
DA:45,1
DA:72,1
DA:73,1
DA:98,1
DA:100,3
DA:101,2
DA:102,7
DA:104,1
DA:107,3
DA:108,4
DA:109,1
DA:111,2
DA:113,2
DA:114,1
DA:115,4
DA:116,3
DA:120,3
DA:121,3
DA:123,1
DA:126,1
DA:128,2
DA:129,1
DA:132,1
DA:133,4
DA:134,6
DA:137,1
DA:139,1
DA:140,1
DA:141,2
DA:142,1
DA:144,1
DA:146,1
DA:155,1
DA:156,1
DA:157,1
DA:160,1
DA:161,1
DA:162,2
DA:164,1
DA:165,1
DA:166,2
DA:167,7
DA:169,1
DA:171,5
DA:173,1
DA:174,2
DA:175,1
DA:179,1
DA:180,1
DA:181,2
DA:182,3
DA:184,1
DA:186,3
DA:187,5
DA:189,3
DA:192,1
DA:194,1
DA:195,1
DA:196,3
DA:198,2
DA:201,1
DA:202,1
DA:203,5
DA:204,2
DA:205,3
DA:207,1
DA:209,3
DA:210,5
DA:213,2
DA:216,1
DA:217,1
DA:218,2
DA:219,3
DA:222,2
DA:225,2
DA:229,1
DA:230,1
DA:231,1
DA:232,1
DA:233,1
DA:234,1
DA:243,1
DA:245,1
DA:249,1
DA:252,1
DA:253,1
DA:254,1
DA:255,0
DA:256,0
DA:257,0
DA:259,1
DA:263,2
DA:265,1
DA:266,1
DA:267,0
DA:268,0
DA:269,0
DA:271,1
DA:275,3
DA:291,1
DA:292,1
DA:293,1
DA:294,1
DA:295,2
DA:296,1
DA:298,1
DA:300,1
DA:302,1
DA:303,2
DA:304,1
DA:311,1
DA:312,1
DA:313,2
DA:314,2
DA:316,1
DA:318,1
DA:320,1
DA:321,3
DA:323,0
DA:324,0
DA:325,0
DA:326,0
DA:328,1
DA:329,1
DA:331,1
DA:332,4
DA:333,2
DA:334,2
DA:336,3
DA:338,1
DA:339,1
DA:341,4
DA:342,2
DA:343,6
DA:345,5
DA:346,0
DA:347,0
DA:349,7
DA:350,0
DA:351,0
DA:352,0
DA:355,1
DA:356,3
DA:357,0
DA:359,7
DA:362,1
DA:363,2
DA:364,3
DA:365,0
DA:367,7
DA:369,1
DA:370,1
DA:372,1
DA:373,1
DA:376,1
DA:377,1
DA:378,3
DA:379,1
DA:380,1
DA:382,9
DA:383,1
DA:384,2
DA:385,1
DA:391,0
DA:392,0
DA:400,1
DA:403,2
DA:404,1
DA:405,1
DA:407,5
DA:410,1
DA:413,2
DA:414,2
DA:415,2
DA:417,5
DA:431,1
DA:443,1
DA:444,1
DA:448,1
DA:450,1
DA:451,0
DA:452,0
DA:453,0
DA:456,1
DA:457,2
DA:462,1
DA:463,1
DA:464,2
DA:466,1
DA:467,1
DA:472,1
DA:473,1
DA:474,1
DA:475,3
DA:477,1
DA:478,4
DA:479,1
DA:480,4
DA:484,1
DA:487,1
DA:488,4
DA:489,1
DA:490,4
DA:498,1
DA:499,1
DA:500,1
DA:503,1
DA:504,3
DA:505,4
DA:512,1
DA:513,2
DA:516,1
DA:518,2
DA:524,4
DA:525,1
DA:526,3
DA:528,5
DA:531,1
DA:532,3
DA:534,2
LF:221
LH:199
end_of_record
TN:
SF:lib/components/clue_shimmer_loading.dart
FNF:0
FNH:0
DA:6,1
DA:7,0
DA:9,1
DA:11,1
DA:12,1
DA:13,1
DA:14,1
DA:15,1
DA:16,1
DA:21,1
DA:22,1
DA:23,1
DA:25,1
DA:26,1
DA:27,1
DA:28,1
DA:32,1
DA:33,1
DA:34,1
LF:19
LH:18
end_of_record
TN:
SF:lib/components/clue_side_bar_component.dart
FNF:0
FNH:0
DA:10,1
DA:21,1
DA:33,1
DA:34,1
DA:41,1
DA:43,1
DA:45,1
DA:46,1
DA:47,1
DA:48,1
DA:51,0
DA:52,0
DA:53,0
DA:56,1
DA:58,1
DA:59,1
DA:60,3
DA:61,1
DA:62,1
DA:63,1
DA:66,1
DA:67,2
DA:68,1
DA:69,2
DA:70,2
DA:77,1
DA:80,1
DA:81,1
DA:82,1
DA:83,1
DA:86,1
DA:87,1
DA:88,2
DA:93,1
DA:94,2
DA:95,2
DA:100,2
DA:101,1
DA:102,1
DA:103,2
DA:106,1
DA:107,4
DA:108,1
DA:109,1
DA:110,1
DA:113,1
DA:114,1
DA:115,1
DA:119,1
DA:121,1
DA:122,1
DA:123,1
DA:127,1
DA:128,1
DA:129,1
DA:130,1
DA:131,2
DA:132,2
DA:133,1
DA:136,1
DA:139,1
DA:140,1
DA:141,1
DA:143,1
DA:145,5
DA:153,1
DA:154,1
DA:156,2
DA:166,1
DA:175,1
DA:177,1
DA:180,1
DA:181,1
DA:182,1
DA:183,1
DA:184,1
DA:185,2
DA:191,1
DA:192,1
DA:193,2
DA:202,1
DA:217,1
DA:219,1
DA:220,1
DA:221,1
DA:222,1
DA:223,1
DA:226,1
DA:227,1
DA:228,1
DA:230,1
DA:231,1
DA:232,3
LF:93
LH:90
end_of_record
TN:
SF:lib/components/clue_side_page.dart
FNF:0
FNH:0
DA:8,1
DA:33,1
DA:35,1
DA:37,1
DA:38,1
DA:39,2
DA:40,1
DA:43,1
DA:44,1
DA:45,2
DA:46,1
DA:48,1
DA:49,1
DA:50,1
DA:51,1
DA:56,1
DA:57,1
DA:59,1
DA:60,1
DA:61,1
DA:63,1
DA:65,1
DA:73,2
DA:77,1
DA:78,1
DA:80,2
DA:81,2
DA:84,1
DA:88,1
DA:89,1
DA:90,1
DA:92,1
DA:94,1
LF:33
LH:33
end_of_record
TN:
SF:lib/components/clue_square_text_field.dart
FNF:0
FNH:0
DA:7,1
DA:25,1
DA:44,1
DA:45,1
DA:52,1
DA:54,1
DA:55,3
DA:56,3
DA:59,1
DA:61,1
DA:62,2
DA:63,3
DA:64,1
DA:65,1
DA:66,1
DA:68,2
DA:71,1
DA:72,1
DA:75,1
DA:76,1
DA:77,1
DA:79,2
DA:84,1
DA:85,2
DA:86,1
DA:89,1
DA:90,1
DA:91,2
DA:92,2
DA:93,2
DA:94,2
DA:95,1
DA:96,2
DA:97,1
DA:100,2
DA:101,0
DA:104,2
DA:105,1
DA:106,2
DA:107,2
DA:109,1
DA:110,2
DA:111,2
DA:114,3
DA:115,1
DA:117,1
DA:118,1
DA:119,5
DA:120,1
DA:126,3
DA:127,0
DA:128,0
DA:129,0
DA:130,0
DA:136,1
DA:138,2
DA:139,1
DA:140,2
DA:143,3
DA:144,1
DA:146,1
DA:147,5
DA:148,1
DA:149,2
DA:150,3
DA:151,2
DA:156,1
DA:157,3
DA:158,1
DA:160,1
DA:161,2
DA:162,3
DA:163,2
LF:73
LH:68
end_of_record
TN:
SF:lib/components/clue_text.dart
FNF:0
FNH:0
DA:7,5
DA:15,4
DA:26,4
DA:28,4
DA:29,12
DA:30,4
DA:31,4
DA:32,4
DA:33,4
DA:34,5
DA:35,1
DA:38,2
DA:41,9
DA:42,3
DA:43,1
DA:44,1
DA:45,3
DA:46,1
DA:47,1
DA:48,1
DA:51,3
DA:53,1
DA:56,1
DA:83,1
LF:24
LH:24
end_of_record
TN:
SF:lib/extensions/date_time_extension.dart
FNF:0
FNH:0
DA:5,1
DA:6,1
DA:7,6
DA:10,3
DA:11,3
DA:12,3
DA:13,3
DA:15,1
DA:25,1
DA:26,0
DA:27,0
DA:28,1
DA:29,1
DA:30,1
DA:31,1
DA:32,1
DA:33,1
DA:37,1
DA:38,6
DA:41,1
DA:42,3
DA:45,2
DA:46,8
DA:49,2
DA:50,8
DA:57,3
DA:58,6
DA:61,1
DA:62,2
DA:65,2
DA:66,4
DA:67,2
DA:70,2
DA:71,4
DA:75,2
DA:76,4
DA:77,4
DA:78,2
DA:81,2
DA:82,4
DA:83,4
DA:84,2
LF:42
LH:40
end_of_record
TN:
SF:lib/extensions/list_extension.dart
FNF:0
FNH:0
DA:3,1
DA:4,1
DA:5,3
DA:6,2
DA:7,1
DA:12,0
DA:14,1
DA:15,1
DA:16,3
DA:17,2
LF:10
LH:9
end_of_record
TN:
SF:lib/extensions/style_extension.dart
FNF:0
FNH:0
DA:6,2
DA:7,10
DA:8,6
DA:12,6
DA:13,2
DA:14,2
DA:15,6
DA:16,6
DA:17,2
DA:18,2
DA:19,2
DA:20,2
DA:21,2
DA:22,2
DA:23,4
DA:24,2
DA:25,2
DA:26,2
DA:27,2
DA:28,2
DA:29,2
DA:30,2
DA:31,2
DA:35,2
DA:36,2
DA:37,2
DA:41,4
DA:42,4
DA:43,2
DA:47,2
LF:30
LH:30
end_of_record
TN:
SF:lib/overlay/clue_overlay.dart
FNF:0
FNH:0
DA:15,1
DA:16,3
DA:20,1
DA:21,3
DA:25,1
DA:26,2
DA:30,1
DA:31,2
DA:36,1
DA:37,1
DA:40,1
DA:41,1
DA:49,1
DA:50,2
DA:51,1
DA:52,1
DA:57,1
DA:72,1
DA:73,1
DA:75,1
DA:76,1
DA:81,1
DA:82,2
DA:83,1
DA:86,1
DA:87,1
DA:92,1
DA:98,1
DA:100,1
DA:104,1
DA:105,1
DA:106,2
DA:108,1
DA:114,1
DA:115,1
DA:116,1
DA:117,0
DA:119,3
DA:122,1
DA:135,1
DA:138,1
DA:142,1
DA:161,1
DA:162,1
DA:164,0
DA:165,1
DA:170,1
DA:171,1
DA:172,1
DA:174,5
DA:179,1
DA:185,1
DA:187,1
DA:190,1
DA:191,1
DA:192,2
DA:194,1
DA:200,1
DA:201,1
DA:202,1
DA:203,0
DA:204,2
DA:205,0
DA:207,3
DA:210,1
DA:223,1
DA:226,3
DA:230,1
DA:250,1
DA:251,1
DA:253,1
DA:254,1
DA:259,1
DA:260,1
DA:261,1
DA:263,5
DA:268,1
DA:274,1
DA:276,1
DA:279,1
DA:280,1
DA:281,2
DA:283,1
DA:289,1
DA:290,1
DA:291,1
DA:293,1
DA:294,0
DA:295,5
DA:296,0
DA:297,2
DA:298,0
DA:299,0
DA:301,3
DA:304,1
DA:317,1
DA:320,2
DA:323,2
DA:329,1
DA:335,1
DA:342,1
DA:344,1
DA:350,1
DA:353,1
DA:355,1
DA:358,1
DA:360,1
DA:361,1
DA:365,1
DA:367,1
DA:368,1
DA:369,1
DA:370,2
DA:376,1
DA:377,1
DA:378,1
DA:379,1
DA:380,2
DA:385,2
DA:386,1
DA:390,1
DA:391,2
DA:392,1
DA:393,1
DA:394,1
DA:395,1
DA:398,1
DA:399,1
DA:401,2
DA:414,1
DA:424,1
DA:435,1
DA:437,1
DA:443,1
DA:446,1
DA:448,1
DA:451,1
DA:453,1
DA:454,1
DA:457,1
DA:459,1
DA:460,1
DA:461,1
DA:462,2
DA:468,1
DA:469,1
DA:470,1
DA:471,1
DA:472,2
DA:477,1
DA:480,1
DA:482,1
DA:483,1
DA:484,1
DA:485,1
DA:486,1
DA:489,1
DA:490,1
DA:491,1
DA:494,2
DA:497,1
DA:498,1
DA:499,1
DA:500,1
DA:503,1
DA:504,1
DA:505,1
DA:506,2
DA:507,1
DA:508,1
DA:511,1
DA:515,2
LF:172
LH:164
end_of_record
TN:
SF:lib/overlay/clue_overlay_entry.dart
FNF:0
FNH:0
DA:6,3
DA:7,3
DA:10,3
DA:12,1
DA:15,1
DA:16,1
DA:19,1
DA:21,1
DA:22,2
DA:23,1
DA:24,1
DA:26,1
DA:28,1
DA:29,2
DA:41,4
DA:44,1
DA:45,3
DA:47,0
DA:48,0
DA:53,1
DA:54,1
DA:55,1
DA:56,1
DA:60,1
DA:61,4
DA:62,2
DA:65,3
DA:69,1
DA:70,2
DA:74,4
DA:75,1
DA:82,1
DA:87,1
DA:93,1
DA:95,1
DA:96,1
DA:97,1
DA:99,1
DA:101,1
DA:103,1
DA:105,1
DA:113,2
DA:117,1
DA:119,1
DA:121,1
DA:122,1
DA:124,1
DA:125,1
DA:128,1
DA:130,1
DA:131,1
DA:141,2
DA:146,1
DA:148,1
DA:150,1
DA:151,1
DA:153,1
DA:154,1
DA:157,1
DA:159,1
DA:160,1
LF:61
LH:59
end_of_record
